<?xml version="1.0" encoding="UTF-8"?>
<!-- Generated by org.testng.reporters.JUnitReportReporter -->
<testsuite hostname="Madhu" failures="0" tests="3" name="positivetest.Sortedproductlist" time="19.342" errors="0" timestamp="2022-02-05T20:13:38 IST" skipped="0">
  <testcase classname="positivetest.Sortedproductlist" name="verifymainpage" time="14.026"/>
  <system-out/>
  <testcase classname="positivetest.Sortedproductlist" name="verifymobilepage" time="2.264"/>
  <system-out/>
  <testcase classname="positivetest.Sortedproductlist" name="sort" time="3.052"/>
  <system-out/>
</testsuite> <!-- positivetest.Sortedproductlist -->
