<?xml version="1.0" encoding="UTF-8"?>
<!-- Generated by org.testng.reporters.JUnitReportReporter -->
<testsuite hostname="Madhu" failures="0" tests="1" name="corejavapractice.Test2" time="15.170" errors="0" timestamp="2022-02-02T19:46:20 IST" skipped="0">
  <testcase classname="corejavapractice.Test2" name="Test2method" time="15.170"/>
  <system-out/>
</testsuite> <!-- corejavapractice.Test2 -->
