<?xml version="1.0" encoding="UTF-8"?>
<!-- Generated by org.testng.reporters.JUnitReportReporter -->
<testsuite hostname="MadhuVanapalli" failures="0" tests="1" name="corejavapractice.Radiobutton" time="11.176" errors="0" timestamp="2022-03-12T21:36:45 IST" skipped="0">
  <testcase classname="corejavapractice.Radiobutton" name="radio" time="11.176"/>
  <system-out/>
</testsuite> <!-- corejavapractice.Radiobutton -->
