<?xml version="1.0" encoding="UTF-8"?>
<!-- Generated by org.testng.reporters.JUnitReportReporter -->
<testsuite hostname="Madhu" failures="0" tests="1" name="corejavapractice.forloop" time="0.009" errors="0" timestamp="2022-02-02T14:57:12 IST" skipped="0">
  <testcase classname="corejavapractice.forloop" name="add" time="0.009"/>
  <system-out/>
</testsuite> <!-- corejavapractice.forloop -->
