<?xml version="1.0" encoding="UTF-8"?>
<!-- Generated by org.testng.reporters.JUnitReportReporter -->
<testsuite hostname="Madhu" failures="0" tests="1" name="positivetest.Verifyprice" time="20.082" errors="0" timestamp="2022-02-05T20:13:38 IST" skipped="0">
  <testcase classname="positivetest.Verifyprice" name="price" time="20.082"/>
  <system-out/>
</testsuite> <!-- positivetest.Verifyprice -->
