<?xml version="1.0" encoding="UTF-8"?>
<!-- Generated by org.testng.reporters.JUnitReportReporter -->
<testsuite hostname="Madhu" failures="0" tests="1" name="corejavapractice.Hashmapddemp" time="0.016" errors="0" timestamp="2022-02-04T21:18:17 IST" skipped="0">
  <testcase classname="corejavapractice.Hashmapddemp" name="dummy" time="0.016"/>
  <system-out/>
</testsuite> <!-- corejavapractice.Hashmapddemp -->
