<?xml version="1.0" encoding="UTF-8"?>
<!-- Generated by org.testng.reporters.JUnitReportReporter -->
<testsuite hostname="Madhu" failures="0" tests="2" name="positivetest.Compareproducts" time="81.767" errors="0" timestamp="2022-02-03T21:41:41 IST" skipped="0">
  <testcase classname="positivetest.Compareproducts" name="compareproductssetup" time="75.883"/>
  <system-out/>
  <testcase classname="positivetest.Compareproducts" name="comparewindow" time="5.884"/>
  <system-out/>
</testsuite> <!-- positivetest.Compareproducts -->
