<?xml version="1.0" encoding="UTF-8"?>
<!-- Generated by org.testng.reporters.JUnitReportReporter -->
<testsuite hostname="Madhu" failures="0" tests="1" name="corejavapractice.Arraysort" time="0.016" errors="0" timestamp="2022-02-05T15:16:37 IST" skipped="0">
  <testcase classname="corejavapractice.Arraysort" name="sort" time="0.016"/>
  <system-out/>
</testsuite> <!-- corejavapractice.Arraysort -->
