<?xml version="1.0" encoding="UTF-8"?>
<!-- Generated by org.testng.reporters.JUnitReportReporter -->
<testsuite hostname="Madhu" failures="0" tests="9" name="corejavapractice.Stringvalueof" time="0.042" errors="0" timestamp="2022-02-06T18:02:31 IST" skipped="0">
  <testcase classname="corejavapractice.Stringvalueof" name="customerdata" time="0.005"/>
  <system-out/>
  <testcase classname="corejavapractice.Stringvalueof" name="openaccount" time="0.003"/>
  <system-out/>
  <testcase classname="corejavapractice.Stringvalueof" name="openaccount" time="0.002"/>
  <system-out/>
  <testcase classname="corejavapractice.Stringvalueof" name="openaccount" time="0.002"/>
  <system-out/>
  <testcase classname="corejavapractice.Stringvalueof" name="customerdata" time="0.004"/>
  <system-out/>
  <testcase classname="corejavapractice.Stringvalueof" name="customerdata" time="0.004"/>
  <system-out/>
  <testcase classname="corejavapractice.Stringvalueof" name="customerdata" time="0.017"/>
  <system-out/>
  <testcase classname="corejavapractice.Stringvalueof" name="openaccount" time="0.003"/>
  <system-out/>
  <testcase classname="corejavapractice.Stringvalueof" name="openaccount" time="0.002"/>
  <system-out/>
</testsuite> <!-- corejavapractice.Stringvalueof -->
