<?xml version="1.0" encoding="UTF-8"?>
<!-- Generated by org.testng.reporters.JUnitReportReporter -->
<testsuite hostname="Madhu" failures="0" tests="2" name="positivetest.Addcart" time="76.279" errors="0" timestamp="2022-02-03T21:41:41 IST" skipped="0">
  <testcase classname="positivetest.Addcart" name="Addcartsetup" time="61.794"/>
  <system-out/>
  <testcase classname="positivetest.Addcart" name="Addtocart" time="14.485"/>
  <system-out/>
</testsuite> <!-- positivetest.Addcart -->
