<?xml version="1.0" encoding="UTF-8"?>
<!-- Generated by org.testng.reporters.JUnitReportReporter -->
<testsuite hostname="Madhu" failures="0" tests="3" name="corejavapractice.Excelldemo" time="0.024" errors="0" timestamp="2022-02-06T16:50:56 IST" skipped="0">
  <testcase classname="corejavapractice.Excelldemo" name="dummy" time="0.017"/>
  <system-out/>
  <testcase classname="corejavapractice.Excelldemo" name="dummy" time="0.003"/>
  <system-out/>
  <testcase classname="corejavapractice.Excelldemo" name="dummy" time="0.004"/>
  <system-out/>
</testsuite> <!-- corejavapractice.Excelldemo -->
