<?xml version="1.0" encoding="UTF-8"?>
<!-- Generated by org.testng.reporters.JUnitReportReporter -->
<testsuite hostname="Madhu" failures="0" tests="4" name="corejavapractice.Exceldemo" time="0.028" errors="0" timestamp="2022-02-05T15:13:20 IST" skipped="0">
  <testcase classname="corejavapractice.Exceldemo" name="data" time="0.008"/>
  <system-out/>
  <testcase classname="corejavapractice.Exceldemo" name="data" time="0.014"/>
  <system-out/>
  <testcase classname="corejavapractice.Exceldemo" name="data" time="0.003"/>
  <system-out/>
  <testcase classname="corejavapractice.Exceldemo" name="data" time="0.003"/>
  <system-out/>
</testsuite> <!-- corejavapractice.Exceldemo -->
