<?xml version="1.0" encoding="UTF-8"?>
<!-- Generated by org.testng.reporters.JUnitReportReporter -->
<testsuite hostname="Madhu" failures="0" tests="1" name="corejavapractice.Test1" time="16.657" errors="0" timestamp="2022-02-02T19:46:20 IST" skipped="0">
  <testcase classname="corejavapractice.Test1" name="Test1method" time="16.657"/>
  <system-out/>
</testsuite> <!-- corejavapractice.Test1 -->
