<?xml version="1.0" encoding="UTF-8"?>
<!-- Generated by org.testng.reporters.JUnitReportReporter -->
<testsuite hostname="Madhu" failures="0" tests="2" name="corejavapractice.locators" time="0.015" errors="0" timestamp="2022-02-01T11:46:00 IST" skipped="0">
  <testcase classname="corejavapractice.locators" name="dummy" time="0.014"/>
  <system-out/>
  <testcase classname="corejavapractice.locators" name="demo" time="0.001"/>
  <system-out/>
</testsuite> <!-- corejavapractice.locators -->
