<?xml version="1.0" encoding="UTF-8"?>
<!-- Generated by org.testng.reporters.JUnitReportReporter -->
<testsuite hostname="Madhu" failures="0" tests="3" name="positivetest.Registeraccount" time="42.909" errors="0" timestamp="2022-02-07T15:52:58 IST" skipped="0">
  <testcase classname="positivetest.Registeraccount" name="registersetup" time="29.609"/>
  <system-out/>
  <testcase classname="positivetest.Registeraccount" name="register" time="3.137"/>
  <system-out/>
  <testcase classname="positivetest.Registeraccount" name="addtowishlist" time="10.163"/>
  <system-out/>
</testsuite> <!-- positivetest.Registeraccount -->
