<?xml version="1.0" encoding="UTF-8"?>
<!-- Generated by org.testng.reporters.JUnitReportReporter -->
<testsuite hostname="Madhu" failures="0" tests="1" name="corejavapractice.Thiskeyword" time="0.018" errors="0" timestamp="2022-01-31T15:52:07 IST" skipped="0">
  <testcase classname="corejavapractice.Thiskeyword" name="main" time="0.018"/>
  <system-out/>
</testsuite> <!-- corejavapractice.Thiskeyword -->
