<?xml version="1.0" encoding="UTF-8"?>
<!-- Generated by org.testng.reporters.JUnitReportReporter -->
<testsuite hostname="Madhu" failures="0" tests="4" name="positivetest.Orderproduct" time="96.131" errors="0" timestamp="2022-02-07T15:57:45 IST" skipped="0">
  <testcase classname="positivetest.Orderproduct" name="orderSetup" time="25.374"/>
  <system-out/>
  <testcase classname="positivetest.Orderproduct" name="checkout" time="64.722"/>
  <system-out/>
  <testcase classname="positivetest.Orderproduct" name="addadress" time="3.580"/>
  <system-out/>
  <testcase classname="positivetest.Orderproduct" name="orderverification" time="2.455"/>
  <system-out/>
</testsuite> <!-- positivetest.Orderproduct -->
